2026-03-18 16:27:07,629 [INFO] Activator:176 - 


2026-03-18 16:27:07,646 [INFO] Activator:177 - !SESSION log4j initialized
2026-03-18 16:27:19,501 [INFO] LogOutputStream:77 - [STDOUT_REDIRECT] 
2026-03-18 16:27:23,266 [ERROR] ConfigurationRetriever:142 - IOException on connection: Read timed out
2026-03-18 16:27:26,827 [INFO] ApplicationProperties:184 - Using Application install path: C:\ST\STM32CubeIDE_1.17.0\STM32CubeIDE\plugins\com.st.stm32cube.common.mx_6.13.0.202411220809
2026-03-18 16:27:26,871 [INFO] DbMcusXml:78 - Set database path to: C:\ST\STM32CubeIDE_1.17.0\STM32CubeIDE\plugins\com.st.stm32cube.common.mx_6.13.0.202411220809\\db\/mcu/
2026-03-18 16:27:26,873 [INFO] ApiDb:274 - Set plugin database path to: C:\ST\STM32CubeIDE_1.17.0\STM32CubeIDE\plugins\com.st.stm32cube.common.mx_6.13.0.202411220809\\db\/plugins/boardmanager/
2026-03-18 16:27:26,874 [WARN] ApiDb:259 - Overriding images path with different value:  => C:\ST\STM32CubeIDE_1.17.0\STM32CubeIDE\plugins\com.st.stm32cube.common.mx_6.13.0.202411220809\\db\/plugins/mcufinder/images/
2026-03-18 16:27:26,927 [INFO] ApiDb:250 - Set database path to: C:\Users\abrah\.stmcufinder\plugins\mcufinder//mcu/
2026-03-18 16:27:26,932 [INFO] DbMcusAds:125 - Set database path to: C:\Users\abrah\.stmcufinder\plugins\mcufinder//mcu/
2026-03-18 16:27:26,941 [INFO] CrossReferenceDbSqlite:203 - Set database path to: C:\Users\abrah\.stmcufinder\plugins\mcufinder//mcu/cs/
2026-03-18 16:27:27,366 [INFO] RulesReader:64 - Compatibility file has been processed (297 Rules)
2026-03-18 16:27:27,662 [INFO] DbMcusXml:78 - Set database path to: C:\ST\STM32CubeIDE_1.17.0\STM32CubeIDE\plugins\com.st.stm32cube.common.mx_6.13.0.202411220809\\db\/mcu/
2026-03-18 16:27:27,663 [INFO] ApiDb:274 - Set plugin database path to: C:\ST\STM32CubeIDE_1.17.0\STM32CubeIDE\plugins\com.st.stm32cube.common.mx_6.13.0.202411220809\\db\/plugins/boardmanager/
2026-03-18 16:27:27,663 [INFO] ApiDb:261 - Set plugin images path to: C:\ST\STM32CubeIDE_1.17.0\STM32CubeIDE\plugins\com.st.stm32cube.common.mx_6.13.0.202411220809\\db\/plugins/mcufinder/images/
2026-03-18 16:27:27,664 [WARN] DbFile:41 - Overriding database path with different value: C:\Users\abrah\.stmcufinder\plugins\mcufinder/ => C:\Users\abrah\.stmcufinder\plugins\mcufinder
2026-03-18 16:27:27,664 [INFO] ApiDb:250 - Set database path to: C:\Users\abrah\.stmcufinder\plugins\mcufinder//mcu/
2026-03-18 16:27:27,664 [WARN] DbFile:41 - Overriding database path with different value: C:\Users\abrah\.stmcufinder\plugins\mcufinder/ => C:\Users\abrah\.stmcufinder\plugins\mcufinder
2026-03-18 16:27:27,664 [INFO] DbMcusAds:125 - Set database path to: C:\Users\abrah\.stmcufinder\plugins\mcufinder//mcu/
2026-03-18 16:27:27,665 [WARN] DbFile:41 - Overriding database path with different value: C:\Users\abrah\.stmcufinder\plugins\mcufinder/ => C:\Users\abrah\.stmcufinder\plugins\mcufinder
2026-03-18 16:27:27,665 [WARN] DbFile:41 - Overriding database path with different value: C:\Users\abrah\.stmcufinder\plugins\mcufinder/ => C:\Users\abrah\.stmcufinder\plugins\mcufinder
2026-03-18 16:27:27,665 [INFO] CrossReferenceDbSqlite:203 - Set database path to: C:\Users\abrah\.stmcufinder\plugins\mcufinder//mcu/cs/
2026-03-18 16:27:27,905 [INFO] MainPanel:272 - HeapMemory: 268435456
2026-03-18 16:27:28,294 [INFO] DbMcusXml:78 - Set database path to: C:\ST\STM32CubeIDE_1.17.0\STM32CubeIDE\plugins\com.st.stm32cube.common.mx_6.13.0.202411220809\\db\/mcu/
2026-03-18 16:27:28,294 [INFO] ApiDb:274 - Set plugin database path to: C:\ST\STM32CubeIDE_1.17.0\STM32CubeIDE\plugins\com.st.stm32cube.common.mx_6.13.0.202411220809\\db\/plugins/boardmanager/
2026-03-18 16:27:28,294 [INFO] ApiDb:261 - Set plugin images path to: C:\ST\STM32CubeIDE_1.17.0\STM32CubeIDE\plugins\com.st.stm32cube.common.mx_6.13.0.202411220809\\db\/plugins/mcufinder/images/
2026-03-18 16:27:28,296 [WARN] DbFile:41 - Overriding database path with different value: C:\Users\abrah\.stmcufinder\plugins\mcufinder/ => C:\Users\abrah\.stmcufinder\plugins\mcufinder
2026-03-18 16:27:28,296 [INFO] ApiDb:250 - Set database path to: C:\Users\abrah\.stmcufinder\plugins\mcufinder//mcu/
2026-03-18 16:27:28,297 [WARN] DbFile:41 - Overriding database path with different value: C:\Users\abrah\.stmcufinder\plugins\mcufinder/ => C:\Users\abrah\.stmcufinder\plugins\mcufinder
2026-03-18 16:27:28,297 [INFO] DbMcusAds:125 - Set database path to: C:\Users\abrah\.stmcufinder\plugins\mcufinder//mcu/
2026-03-18 16:27:28,297 [WARN] DbFile:41 - Overriding database path with different value: C:\Users\abrah\.stmcufinder\plugins\mcufinder/ => C:\Users\abrah\.stmcufinder\plugins\mcufinder
2026-03-18 16:27:28,297 [WARN] DbFile:41 - Overriding database path with different value: C:\Users\abrah\.stmcufinder\plugins\mcufinder/ => C:\Users\abrah\.stmcufinder\plugins\mcufinder
2026-03-18 16:27:28,298 [INFO] CrossReferenceDbSqlite:203 - Set database path to: C:\Users\abrah\.stmcufinder\plugins\mcufinder//mcu/cs/
2026-03-18 16:27:28,361 [INFO] ApplicationProperties:184 - Using Application install path: C:\ST\STM32CubeIDE_1.17.0\STM32CubeIDE\plugins\com.st.stm32cube.common.mx_6.13.0.202411220809
2026-03-18 16:27:28,365 [INFO] PluginManage:196 - Search for loadable plugins [exclusion list=, ]
2026-03-18 16:27:28,372 [INFO] PluginManage:310 - Check plugin analytics
2026-03-18 16:27:29,223 [INFO] AnalyticsPlugin:253 - Accepted Software Licenses: STM32CubeMX.6.12.0
2026-03-18 16:27:29,224 [INFO] AnalyticsPlugin:255 - Accepted CMSIS Pack Licenses: 
2026-03-18 16:27:29,225 [INFO] AnalyticsPlugin:257 - Accepted Firmware Licenses: FW.F4.1.28.0,FW.F7.1.17.0,FW.G0.1.6.0,FW.G4.1.6.0,FW.H5.1.3.0,FW.H7.1.11.0,FW.L4.1.18.0,FW.L5.1.5.0,FW.U5.1.6.0,FW.WB.1.20.0
2026-03-18 16:27:29,247 [INFO] PluginManage:359 - Loaded plugin analytics (category:tool,tabindex:-1)
2026-03-18 16:27:29,251 [INFO] PluginManage:310 - Check plugin cadmodel
2026-03-18 16:27:29,328 [INFO] CADModel:105 - Init CAD model plugin
2026-03-18 16:27:29,329 [INFO] PluginManage:359 - Loaded plugin cadmodel (category:power,tabindex:5)
2026-03-18 16:27:29,333 [INFO] PluginManage:310 - Check plugin clock
2026-03-18 16:27:29,399 [INFO] PluginManage:359 - Loaded plugin clock (category:base,tabindex:2)
2026-03-18 16:27:29,400 [INFO] PluginManage:310 - Check plugin ddr
2026-03-18 16:27:29,408 [INFO] PluginManage:359 - Loaded plugin ddr (category:tool,tabindex:6)
2026-03-18 16:27:29,408 [INFO] PluginManage:310 - Check plugin filemanager
2026-03-18 16:27:29,931 [INFO] PluginManage:359 - Loaded plugin filemanager (category:base,tabindex:10)
2026-03-18 16:27:29,932 [INFO] PluginManage:310 - Check plugin ipmanager
2026-03-18 16:27:29,952 [INFO] PluginManage:359 - Loaded plugin ipmanager (category:base,tabindex:5)
2026-03-18 16:27:29,952 [INFO] PluginManage:310 - Check plugin lpbam
2026-03-18 16:27:30,003 [INFO] PluginManage:359 - Loaded plugin lpbam (category:base,tabindex:0)
2026-03-18 16:27:30,003 [INFO] PluginManage:310 - Check plugin memorymap
2026-03-18 16:27:30,068 [INFO] PluginManage:359 - Loaded plugin memorymap (category:base,tabindex:4)
2026-03-18 16:27:30,069 [INFO] PluginManage:310 - Check plugin pinoutandconfiguration
2026-03-18 16:27:30,115 [INFO] PluginManage:359 - Loaded plugin pinoutandconfiguration (category:base,tabindex:1)
2026-03-18 16:27:30,116 [INFO] PluginManage:310 - Check plugin pinoutconfig
2026-03-18 16:27:30,404 [WARN] SupportedApi:132 - Cannot load RTOS API schema: s4s-elt-must-match.1: The content of 'definitions' must match (annotation?, (simpleType | complexType)?, (unique | key | keyref)*)). A problem was found starting at: attribute.
2026-03-18 16:27:30,791 [INFO] PluginManage:359 - Loaded plugin pinoutconfig (category:base,tabindex:0)
2026-03-18 16:27:30,792 [INFO] PluginManage:310 - Check plugin power
2026-03-18 16:27:30,831 [INFO] PluginManage:359 - Loaded plugin power (category:power,tabindex:4)
2026-03-18 16:27:30,831 [INFO] PluginManage:310 - Check plugin projectmanager
2026-03-18 16:27:30,877 [INFO] PluginManage:359 - Loaded plugin projectmanager (category:projectmanager,tabindex:4)
2026-03-18 16:27:30,878 [INFO] PluginManage:310 - Check plugin rif
2026-03-18 16:27:30,927 [INFO] PluginManage:359 - Loaded plugin rif (category:base,tabindex:3)
2026-03-18 16:27:30,928 [INFO] PluginManage:310 - Check plugin thirdparty
2026-03-18 16:27:31,784 [WARN] IntegrityCheckThread:84 - waiting for thirdparty lock release [integrity check]
2026-03-18 16:27:31,785 [INFO] PluginManage:359 - Loaded plugin thirdparty (category:base,tabindex:-1)
2026-03-18 16:27:31,785 [INFO] IntegrityCheckThread:86 - entering critical section [integrity check]
2026-03-18 16:27:31,786 [INFO] PluginManage:310 - Check plugin tools
2026-03-18 16:27:31,786 [INFO] ThirdPartyUpdaterWithRetryManager:70 - Updater plugin not ready yet. [1/15]
2026-03-18 16:27:31,904 [INFO] PluginManage:359 - Loaded plugin tools (category:base,tabindex:7)
2026-03-18 16:27:31,904 [INFO] PluginManage:310 - Check plugin tutovideos
2026-03-18 16:27:32,425 [INFO] PluginManage:359 - Loaded plugin tutovideos (category:base,tabindex:-1)
2026-03-18 16:27:32,426 [INFO] PluginManage:310 - Check plugin updater
2026-03-18 16:27:32,504 [INFO] PluginManage:359 - Loaded plugin updater (category:base,tabindex:12)
2026-03-18 16:27:32,505 [INFO] PluginManage:310 - Check plugin userauth
2026-03-18 16:27:32,522 [INFO] UserAuth:118 - Init User Auth plugin
2026-03-18 16:27:32,524 [INFO] PluginManage:359 - Loaded plugin userauth (category:base,tabindex:14)
2026-03-18 16:27:32,525 [INFO] PluginManage:283 - PluginManage : Loaded plugins [18]
2026-03-18 16:27:33,142 [INFO] PinOutPanel:1589 - setPackage(No Configuration,No Configuration)
2026-03-18 16:27:33,398 [INFO] CADModel:165 - CPN selected for project level
2026-03-18 16:27:33,398 [INFO] CADModel:114 - Register for checkConnection events
2026-03-18 16:27:33,474 [INFO] IPUIPlugin:80 - create IPUIPlugin
2026-03-18 16:27:33,475 [INFO] PluginManager:220 - loadIPPluginJar : add adc
2026-03-18 16:27:33,599 [INFO] IPUIPlugin:80 - create IPUIPlugin
2026-03-18 16:27:33,599 [INFO] PluginManager:220 - loadIPPluginJar : add aes
2026-03-18 16:27:33,736 [INFO] IPUIPlugin:80 - create IPUIPlugin
2026-03-18 16:27:33,737 [INFO] PluginManager:220 - loadIPPluginJar : add can
2026-03-18 16:27:33,825 [INFO] IPUIPlugin:80 - create IPUIPlugin
2026-03-18 16:27:33,825 [INFO] PluginManager:220 - loadIPPluginJar : add comp
2026-03-18 16:27:33,938 [INFO] IPUIPlugin:80 - create IPUIPlugin
2026-03-18 16:27:33,939 [INFO] PluginManager:220 - loadIPPluginJar : add cryp
2026-03-18 16:27:33,980 [INFO] IPUIPlugin:80 - create IPUIPlugin
2026-03-18 16:27:33,980 [INFO] PluginManager:220 - loadIPPluginJar : add ddr_ctrl_phy
2026-03-18 16:27:34,081 [INFO] IPUIPlugin:80 - create IPUIPlugin
2026-03-18 16:27:34,081 [INFO] PluginManager:220 - loadIPPluginJar : add dfsdm
2026-03-18 16:27:34,123 [INFO] IPUIPlugin:80 - create IPUIPlugin
2026-03-18 16:27:34,125 [INFO] PluginManager:220 - loadIPPluginJar : add dma
2026-03-18 16:27:34,253 [INFO] IPUIPlugin:80 - create IPUIPlugin
2026-03-18 16:27:34,254 [INFO] PluginManager:220 - loadIPPluginJar : add dma3
2026-03-18 16:27:34,406 [INFO] IPUIPlugin:80 - create IPUIPlugin
2026-03-18 16:27:34,406 [INFO] PluginManager:220 - loadIPPluginJar : add extmemmanager
2026-03-18 16:27:34,476 [INFO] IPUIPlugin:80 - create IPUIPlugin
2026-03-18 16:27:34,476 [INFO] PluginManager:220 - loadIPPluginJar : add fatfs
2026-03-18 16:27:34,642 [INFO] IPUIPlugin:80 - create IPUIPlugin
2026-03-18 16:27:34,643 [INFO] PluginManager:220 - loadIPPluginJar : add fmc
2026-03-18 16:27:34,686 [INFO] IPUIPlugin:80 - create IPUIPlugin
2026-03-18 16:27:34,687 [INFO] PluginManager:220 - loadIPPluginJar : add freertos
2026-03-18 16:27:34,754 [INFO] IPUIPlugin:80 - create IPUIPlugin
2026-03-18 16:27:34,755 [INFO] PluginManager:220 - loadIPPluginJar : add genericplugin
2026-03-18 16:27:34,796 [INFO] ThirdPartyUpdaterWithRetryManager:70 - Updater plugin not ready yet. [2/15]
2026-03-18 16:27:35,070 [INFO] IPUIPlugin:80 - create IPUIPlugin
2026-03-18 16:27:35,070 [INFO] PluginManager:220 - loadIPPluginJar : add gfxmmu
2026-03-18 16:27:35,485 [INFO] IPUIPlugin:80 - create IPUIPlugin
2026-03-18 16:27:35,486 [INFO] PluginManager:220 - loadIPPluginJar : add gic
2026-03-18 16:27:35,526 [INFO] IPUIPlugin:80 - create IPUIPlugin
2026-03-18 16:27:35,526 [INFO] PluginManager:220 - loadIPPluginJar : add gpio
2026-03-18 16:27:35,842 [INFO] IPUIPlugin:80 - create IPUIPlugin
2026-03-18 16:27:35,843 [INFO] PluginManager:220 - loadIPPluginJar : add gtzc
2026-03-18 16:27:35,954 [INFO] IPUIPlugin:80 - create IPUIPlugin
2026-03-18 16:27:35,955 [INFO] PluginManager:220 - loadIPPluginJar : add hash
2026-03-18 16:27:36,141 [INFO] IPUIPlugin:80 - create IPUIPlugin
2026-03-18 16:27:36,141 [INFO] PluginManager:220 - loadIPPluginJar : add i2c
2026-03-18 16:27:36,274 [INFO] IPUIPlugin:80 - create IPUIPlugin
2026-03-18 16:27:36,275 [INFO] PluginManager:220 - loadIPPluginJar : add i2s
2026-03-18 16:27:36,408 [INFO] IPUIPlugin:80 - create IPUIPlugin
2026-03-18 16:27:36,409 [INFO] PluginManager:220 - loadIPPluginJar : add i3c
2026-03-18 16:27:36,737 [INFO] IPUIPlugin:80 - create IPUIPlugin
2026-03-18 16:27:36,738 [INFO] PluginManager:220 - loadIPPluginJar : add ipddr
2026-03-18 16:27:37,077 [INFO] IPUIPlugin:80 - create IPUIPlugin
2026-03-18 16:27:37,077 [INFO] PluginManager:220 - loadIPPluginJar : add linkedlist
2026-03-18 16:27:37,201 [INFO] IPUIPlugin:80 - create IPUIPlugin
2026-03-18 16:27:37,202 [INFO] PluginManager:220 - loadIPPluginJar : add lorawan
2026-03-18 16:27:37,320 [INFO] IPUIPlugin:80 - create IPUIPlugin
2026-03-18 16:27:37,321 [INFO] PluginManager:220 - loadIPPluginJar : add ltdc
2026-03-18 16:27:37,366 [INFO] IPUIPlugin:80 - create IPUIPlugin
2026-03-18 16:27:37,367 [INFO] PluginManager:220 - loadIPPluginJar : add mdma
2026-03-18 16:27:37,408 [INFO] IPUIPlugin:80 - create IPUIPlugin
2026-03-18 16:27:37,408 [INFO] PluginManager:220 - loadIPPluginJar : add nvic
2026-03-18 16:27:37,544 [INFO] IPUIPlugin:80 - create IPUIPlugin
2026-03-18 16:27:37,544 [INFO] PluginManager:220 - loadIPPluginJar : add opamp
2026-03-18 16:27:37,759 [INFO] IPUIPlugin:80 - create IPUIPlugin
2026-03-18 16:27:37,760 [INFO] PluginManager:220 - loadIPPluginJar : add openamp
2026-03-18 16:27:37,806 [INFO] ThirdPartyUpdaterWithRetryManager:70 - Updater plugin not ready yet. [3/15]
2026-03-18 16:27:37,915 [INFO] IPUIPlugin:80 - create IPUIPlugin
2026-03-18 16:27:37,916 [INFO] PluginManager:220 - loadIPPluginJar : add pdm2pcm
2026-03-18 16:27:37,959 [INFO] IPUIPlugin:80 - create IPUIPlugin
2026-03-18 16:27:37,965 [INFO] PluginManager:220 - loadIPPluginJar : add plateformsettings
2026-03-18 16:27:38,013 [INFO] IPUIPlugin:80 - create IPUIPlugin
2026-03-18 16:27:38,013 [INFO] PluginManager:220 - loadIPPluginJar : add quadspi
2026-03-18 16:27:38,095 [INFO] IPUIPlugin:80 - create IPUIPlugin
2026-03-18 16:27:38,096 [INFO] PluginManager:220 - loadIPPluginJar : add radio
2026-03-18 16:27:38,131 [INFO] IPUIPlugin:80 - create IPUIPlugin
2026-03-18 16:27:38,132 [INFO] PluginManager:220 - loadIPPluginJar : add resmgrutility
2026-03-18 16:27:38,281 [INFO] IPUIPlugin:80 - create IPUIPlugin
2026-03-18 16:27:38,281 [INFO] PluginManager:220 - loadIPPluginJar : add sai
2026-03-18 16:27:38,406 [INFO] IPUIPlugin:80 - create IPUIPlugin
2026-03-18 16:27:38,407 [INFO] PluginManager:220 - loadIPPluginJar : add spi
2026-03-18 16:27:38,581 [INFO] IPUIPlugin:80 - create IPUIPlugin
2026-03-18 16:27:38,581 [INFO] PluginManager:220 - loadIPPluginJar : add stm32_wpan
2026-03-18 16:27:38,664 [INFO] IPUIPlugin:80 - create IPUIPlugin
2026-03-18 16:27:38,664 [INFO] PluginManager:220 - loadIPPluginJar : add tim
2026-03-18 16:27:38,865 [INFO] IPUIPlugin:80 - create IPUIPlugin
2026-03-18 16:27:38,865 [INFO] PluginManager:220 - loadIPPluginJar : add touchsensing
2026-03-18 16:27:38,940 [INFO] IPUIPlugin:80 - create IPUIPlugin
2026-03-18 16:27:38,940 [INFO] PluginManager:220 - loadIPPluginJar : add tracer_emb
2026-03-18 16:27:39,023 [INFO] IPUIPlugin:80 - create IPUIPlugin
2026-03-18 16:27:39,023 [INFO] PluginManager:220 - loadIPPluginJar : add ts
2026-03-18 16:27:39,100 [INFO] IPUIPlugin:80 - create IPUIPlugin
2026-03-18 16:27:39,100 [INFO] PluginManager:220 - loadIPPluginJar : add tsc
2026-03-18 16:27:39,178 [INFO] IPUIPlugin:80 - create IPUIPlugin
2026-03-18 16:27:39,179 [INFO] PluginManager:220 - loadIPPluginJar : add ucpd
2026-03-18 16:27:39,324 [INFO] IPUIPlugin:80 - create IPUIPlugin
2026-03-18 16:27:39,324 [INFO] PluginManager:220 - loadIPPluginJar : add usart
2026-03-18 16:27:39,457 [INFO] IPUIPlugin:80 - create IPUIPlugin
2026-03-18 16:27:39,457 [INFO] PluginManager:220 - loadIPPluginJar : add usbx
2026-03-18 16:27:39,712 [FATAL] Updater:351 - Updater called before beeing initialized
2026-03-18 16:27:39,795 [INFO] RulesReader:64 - Compatibility file has been processed (297 Rules)
2026-03-18 16:27:39,832 [INFO] RulesReader:64 - Compatibility file has been processed (297 Rules)
2026-03-18 16:27:39,895 [INFO] CADModel:165 - CPN selected for project level
2026-03-18 16:27:39,895 [INFO] CADModel:114 - Register for checkConnection events
2026-03-18 16:27:39,895 [FATAL] Updater:351 - Updater called before beeing initialized
2026-03-18 16:27:39,896 [ERROR] CADModel:125 - Updater not yet initialized, retry later 
2026-03-18 16:27:40,721 [FATAL] Updater:351 - Updater called before beeing initialized
2026-03-18 16:27:40,726 [INFO] CADModel:165 - CPN selected for project level
2026-03-18 16:27:40,726 [INFO] CADModel:114 - Register for checkConnection events
2026-03-18 16:27:40,726 [FATAL] Updater:351 - Updater called before beeing initialized
2026-03-18 16:27:40,726 [ERROR] CADModel:125 - Updater not yet initialized, retry later 
2026-03-18 16:27:40,734 [FATAL] Updater:351 - Updater called before beeing initialized
2026-03-18 16:27:40,814 [INFO] ThirdPartyUpdaterWithRetryManager:70 - Updater plugin not ready yet. [4/15]
2026-03-18 16:27:41,099 [FATAL] Updater:351 - Updater called before beeing initialized
2026-03-18 16:27:41,128 [INFO] DbMcusAds:53 - JSON generation date=Thu Mar 05 08:32:53 CST 2026 (1772721173050)
2026-03-18 16:27:41,129 [FATAL] Updater:351 - Updater called before beeing initialized
2026-03-18 16:27:41,262 [WARN] DetailPanel:346 - Failed to get advertising image, set to default
2026-03-18 16:27:41,991 [FATAL] Updater:351 - Updater called before beeing initialized
2026-03-18 16:27:41,995 [FATAL] Updater:351 - Updater called before beeing initialized
2026-03-18 16:27:41,995 [FATAL] Updater:351 - Updater called before beeing initialized
2026-03-18 16:27:41,996 [WARN] DetailPanel:346 - Failed to get advertising image, set to default
2026-03-18 16:27:41,997 [FATAL] Updater:351 - Updater called before beeing initialized
2026-03-18 16:27:42,178 [ERROR] Updater:1198 - MainUpdater not yet initialized. External WinMGr cannot be set.
2026-03-18 16:27:42,211 [INFO] Updater:1134 - Updater Version found : 6.13.0
2026-03-18 16:27:42,264 [INFO] ApplicationProperties:184 - Using Application install path: C:\ST\STM32CubeIDE_1.17.0\STM32CubeIDE\plugins\com.st.stm32cube.common.mx_6.13.0.202411220809
2026-03-18 16:27:42,873 [INFO] MainUpdater:525 - Copy updater definitions from MX database
2026-03-18 16:27:43,755 [INFO] MainUpdater:2872 - connection check result : 10
2026-03-18 16:27:43,756 [INFO] MainUpdater:3566 - Updater definition file requires update
2026-03-18 16:27:43,758 [INFO] MainUpdater:289 - Updater Check For Update Now.
2026-03-18 16:27:43,759 [INFO] MicroXplorer:498 - Change Database Version : DB.6.0.130
2026-03-18 16:27:43,812 [INFO] McuFinderGlobals:63 - Set McuFinder mode to 2 (CubeIDE integrated)
2026-03-18 16:27:43,819 [WARN] MainUpdater:1193 - Updater busy. Cannot search thirdparties
2026-03-18 16:27:43,820 [INFO] ThirdPartyUpdaterWithRetryManager:96 - Updater plugin is busy. [1/15]
2026-03-18 16:27:43,829 [INFO] UserAuth:486 - Internet connection configuration mode: 1
2026-03-18 16:27:43,895 [INFO] ServerAccessManage:473 - Download File updaters.zip
2026-03-18 16:27:43,909 [INFO] JxBrowserEngine:152 - Initiate JxBrowser Engine with user profile folder
2026-03-18 16:27:44,799 [INFO] FileExtend:240 - Unzip File : updaters.zip
2026-03-18 16:27:44,799 [INFO] FileExtend:255 - Standard Zip Deflate
2026-03-18 16:27:46,223 [INFO] ServerAccessManage:473 - Download File PacksControlFlags.xml
2026-03-18 16:27:46,437 [INFO] ServerAccessManage:473 - Download File cubemx.pidx
2026-03-18 16:27:46,832 [WARN] MainUpdater:1193 - Updater busy. Cannot search thirdparties
2026-03-18 16:27:46,832 [INFO] ThirdPartyUpdaterWithRetryManager:96 - Updater plugin is busy. [2/15]
2026-03-18 16:27:46,886 [INFO] LoadServerUpdatesThread:375 - End of LoadServerUpdate Thread
2026-03-18 16:27:47,348 [INFO] CheckServerUpdateThread:120 - End of CheckServer Thread
2026-03-18 16:27:47,431 [INFO] WebApp:168 - Instantiating new browser for Auth
2026-03-18 16:27:49,142 [INFO] WebApp:449 - Apply proxy settings
2026-03-18 16:27:49,143 [INFO] WebApp:534 - Chromium requires no authentication
2026-03-18 16:27:49,167 [INFO] WebApp:477 - Direct internet connection detected
2026-03-18 16:27:49,218 [INFO] WebApp:880 - Register for checkConnection events
2026-03-18 16:27:49,218 [INFO] WebApp:449 - Apply proxy settings
2026-03-18 16:27:49,218 [INFO] WebApp:534 - Chromium requires no authentication
2026-03-18 16:27:49,219 [INFO] WebApp:477 - Direct internet connection detected
2026-03-18 16:27:49,676 [INFO] WebApp:187 - Connection restablished
2026-03-18 16:27:49,684 [INFO] WebApp:221 - Starting web application
2026-03-18 16:27:49,684 [INFO] WebApp:579 - Web application path used C:\ST\STM32CubeIDE_1.17.0\STM32CubeIDE\plugins\com.st.stm32cube.common.mx_6.13.0.202411220809\db\plugins\mcufinder\reactClient1\index.html
2026-03-18 16:27:50,054 [INFO] UserAuth:486 - Internet connection configuration mode: 1
2026-03-18 16:27:50,849 [WARN] PackLoader:240 - Cannot read IP mode file for STMicroelectronics.X-CUBE-AZRTOS-H7.3.5.0
2026-03-18 16:27:50,921 [WARN] PackLoader:240 - Cannot read IP mode file for STMicroelectronics.FP-SNS-MOTENVWB1.1.4.0
2026-03-18 16:27:50,964 [WARN] PackLoader:240 - Cannot read IP mode file for STMicroelectronics.FP-ATR-ASTRA1.2.0.2
2026-03-18 16:27:50,998 [WARN] PackLoader:240 - Cannot read IP mode file for STMicroelectronics.FP-ATR-ASTRA1.2.0.1
2026-03-18 16:27:51,037 [WARN] PackLoader:240 - Cannot read IP mode file for STMicroelectronics.X-CUBE-SMBUS.2.1.0
2026-03-18 16:27:51,079 [WARN] PackLoader:240 - Cannot read IP mode file for STMicroelectronics.X-CUBE-WB05N.1.1.0
2026-03-18 16:27:51,116 [WARN] PackLoader:240 - Cannot read IP mode file for STMicroelectronics.X-CUBE-ST60.1.0.0
2026-03-18 16:27:51,155 [WARN] PackLoader:240 - Cannot read IP mode file for STMicroelectronics.X-CUBE-TOUCHGFX.4.23.1
2026-03-18 16:27:51,187 [WARN] PackLoader:240 - Cannot read IP mode file for STMicroelectronics.X-CUBE-TOUCHGFX.4.23.2
2026-03-18 16:27:51,268 [WARN] PackLoader:240 - Cannot read IP mode file for STMicroelectronics.X-CUBE-AZRTOS-F7.1.1.0
2026-03-18 16:27:51,312 [WARN] PackLoader:240 - Cannot read IP mode file for STMicroelectronics.FP-SNS-MOTENV1.4.3.2
2026-03-18 16:27:51,461 [WARN] PackLoader:240 - Cannot read IP mode file for STMicroelectronics.X-CUBE-MEMS1.11.0.0
2026-03-18 16:27:51,850 [ERROR] Engine:466 - C:\Users\abrah\.stm32cubemx\thirdparties\pdsc\STMicroelectronics.FP-SNS-MOTENV1.5.1.0.pdsc: PDSC version is not supported
2026-03-18 16:27:51,882 [WARN] PackLoader:240 - Cannot read IP mode file for STMicroelectronics.FP-SNS-FLIGHT1.5.0.2
2026-03-18 16:27:51,955 [WARN] PackLoader:240 - Cannot read IP mode file for STMicroelectronics.X-CUBE-AZRTOS-H7.3.4.0
2026-03-18 16:27:51,989 [WARN] PackLoader:240 - Cannot read IP mode file for STMicroelectronics.X-CUBE-DISPLAY.3.0.0
2026-03-18 16:27:52,028 [ERROR] Engine:466 - C:\Users\abrah\.stm32cubemx\thirdparties\pdsc\STMicroelectronics.FP-SNS-MOTENVWB1.1.5.0.pdsc: PDSC version is not supported
2026-03-18 16:27:52,059 [WARN] PackLoader:240 - Cannot read IP mode file for STMicroelectronics.X-CUBE-BLE1.7.0.0
2026-03-18 16:27:52,098 [WARN] PackLoader:240 - Cannot read IP mode file for STMicroelectronics.X-CUBE-NFC10.1.0.0
2026-03-18 16:27:52,145 [WARN] PackLoader:240 - Cannot read IP mode file for STMicroelectronics.X-CUBE-BLEMGR.4.0.0
2026-03-18 16:27:52,185 [WARN] PackLoader:240 - Cannot read IP mode file for STMicroelectronics.X-CUBE-ST60.1.1.0
2026-03-18 16:27:52,227 [WARN] PackLoader:240 - Cannot read IP mode file for emotas.I-CUBE-CANOPEN.1.3.0
2026-03-18 16:27:52,283 [WARN] PackLoader:240 - Cannot read IP mode file for STMicroelectronics.X-CUBE-GNSS1.7.1.0
2026-03-18 16:27:52,337 [WARN] PackLoader:240 - Cannot read IP mode file for STMicroelectronics.X-CUBE-BLEMGR.3.1.0
2026-03-18 16:27:52,377 [WARN] PackLoader:240 - Cannot read IP mode file for STMicroelectronics.X-CUBE-AI.10.0.0
2026-03-18 16:27:52,415 [ERROR] Engine:466 - C:\Users\abrah\.stm32cubemx\thirdparties\pdsc\STMicroelectronics.FP-SNS-STBOX1.2.1.0.pdsc: PDSC version is not supported
2026-03-18 16:27:52,456 [WARN] PackLoader:240 - Cannot read IP mode file for STMicroelectronics.FP-SNS-SMARTAG2.1.2.0
2026-03-18 16:27:52,487 [WARN] PackLoader:240 - Cannot read IP mode file for STMicroelectronics.FP-SNS-FLIGHT1.5.1.0
2026-03-18 16:27:52,635 [WARN] PackLoader:240 - Cannot read IP mode file for STMicroelectronics.X-CUBE-MEMS1.11.1.0
2026-03-18 16:27:52,900 [INFO] LogOutputStream:77 - [STDOUT_REDIRECT] 1 : Invalid condition id : UX_CORESTACK_Condition cause : null
2026-03-18 16:27:52,903 [INFO] LogOutputStream:77 - [STDOUT_REDIRECT] 1 : Invalid condition id : UX_CORESTACK_Condition cause : null
2026-03-18 16:27:52,908 [INFO] LogOutputStream:77 - [STDOUT_REDIRECT] 1 : Invalid condition id : UX_CORESTACK_Condition cause : null
2026-03-18 16:27:52,914 [INFO] LogOutputStream:77 - [STDOUT_REDIRECT] 1 : Invalid condition id : UX_CORESTACK_Condition cause : null
2026-03-18 16:27:52,920 [INFO] LogOutputStream:77 - [STDOUT_REDIRECT] 1 : Invalid condition id : UX_CORESTACK_Condition cause : null
2026-03-18 16:27:52,926 [WARN] PackLoader:240 - Cannot read IP mode file for STMicroelectronics.X-CUBE-AZRTOS-WL.2.0.0
2026-03-18 16:27:52,973 [WARN] PackLoader:240 - Cannot read IP mode file for STMicroelectronics.FP-SNS-MOTENV1.5.0.0
2026-03-18 16:27:53,047 [WARN] PackLoader:240 - Cannot read IP mode file for STMicroelectronics.X-CUBE-AZRTOS-H7RS.1.2.0
2026-03-18 16:27:53,099 [WARN] PackLoader:240 - Cannot read IP mode file for wolfSSL.I-CUBE-wolfMQTT.1.19.0
2026-03-18 16:27:53,174 [WARN] PackLoader:240 - Cannot read IP mode file for WES.I-CUBE-Cesium.1.3.0
2026-03-18 16:27:53,210 [WARN] PackLoader:240 - Cannot read IP mode file for STMicroelectronics.X-CUBE-BLE2.3.3.0
2026-03-18 16:27:53,377 [WARN] PackLoader:240 - Cannot read IP mode file for STMicroelectronics.X-CUBE-NFC9.1.0.0
2026-03-18 16:27:53,416 [WARN] PackLoader:240 - Cannot read IP mode file for STMicroelectronics.X-CUBE-BLE1.7.1.0
2026-03-18 16:27:53,451 [WARN] PackLoader:240 - Cannot read IP mode file for STMicroelectronics.X-CUBE-TCPP.4.1.0
2026-03-18 16:27:53,488 [ERROR] Engine:466 - C:\Users\abrah\.stm32cubemx\thirdparties\pdsc\STMicroelectronics.X-CUBE-FREERTOS.1.4.0.pdsc: PDSC version is not supported
2026-03-18 16:27:53,528 [WARN] PackLoader:240 - Cannot read IP mode file for STMicroelectronics.X-CUBE-EEPRMA1.5.2.0
2026-03-18 16:27:53,566 [ERROR] Engine:466 - C:\Users\abrah\.stm32cubemx\thirdparties\pdsc\STMicroelectronics.X-CUBE-ST67W61.1.1.0.pdsc: PDSC version is not supported
2026-03-18 16:27:53,676 [WARN] PackLoader:240 - Cannot read IP mode file for STMicroelectronics.X-CUBE-MEMS1.12.0.0
2026-03-18 16:27:53,851 [WARN] PackLoader:240 - Cannot read IP mode file for STMicroelectronics.X-CUBE-ALGOBUILD.1.3.0
2026-03-18 16:27:53,966 [WARN] PackLoader:240 - Cannot read IP mode file for STMicroelectronics.X-CUBE-MEMS1.11.2.0
2026-03-18 16:27:54,229 [WARN] PackLoader:240 - Cannot read IP mode file for STMicroelectronics.X-CUBE-AZRTOS-G0.1.1.0
2026-03-18 16:27:54,277 [WARN] PackLoader:240 - Cannot read IP mode file for STMicroelectronics.X-CUBE-SAFEA1.1.2.2
2026-03-18 16:27:54,318 [WARN] PackLoader:240 - Cannot read IP mode file for STMicroelectronics.X-CUBE-NFC4.3.0.0
2026-03-18 16:27:54,372 [WARN] PackLoader:240 - Cannot read IP mode file for EmbeddedOffice.I-CUBE-FS-RTOS.1.0.1
2026-03-18 16:27:54,412 [WARN] PackLoader:240 - Cannot read IP mode file for STMicroelectronics.X-CUBE-WB05N.2.0.0
2026-03-18 16:27:54,447 [WARN] PackLoader:240 - Cannot read IP mode file for STMicroelectronics.X-CUBE-TCPP.4.2.0
2026-03-18 16:27:54,494 [WARN] PackLoader:240 - Cannot read IP mode file for RealThread.X-CUBE-RT-Thread_Nano.4.1.1
2026-03-18 16:27:54,530 [WARN] PackLoader:240 - Cannot read IP mode file for STMicroelectronics.FP-ATR-SIGFOX1.3.2.0
2026-03-18 16:27:54,563 [WARN] ConditionMgr:438 - getConditionDescription Invalid condition id : Cortex-A Device cause : null
2026-03-18 16:27:54,620 [WARN] ConditionMgr:1044 - genDependencies : Invalid condition id : Cortex-A Device cause : null
2026-03-18 16:27:54,620 [WARN] ConditionMgr:1044 - genDependencies : Invalid condition id : Cortex-A Device cause : null
2026-03-18 16:27:54,621 [WARN] ConditionMgr:1044 - genDependencies : Invalid condition id : Cortex-A Device cause : null
2026-03-18 16:27:54,653 [WARN] PackLoader:240 - Cannot read IP mode file for STMicroelectronics.X-CUBE-EEPRMA1.5.1.0
2026-03-18 16:27:54,685 [ERROR] Engine:466 - C:\Users\abrah\.stm32cubemx\thirdparties\pdsc\STMicroelectronics.X-CUBE-FREERTOS.1.5.0.pdsc: PDSC version is not supported
2026-03-18 16:27:54,721 [WARN] PackLoader:240 - Cannot read IP mode file for STMicroelectronics.X-CUBE-NFC6.3.2.0
2026-03-18 16:27:54,791 [WARN] PackLoader:240 - Cannot read IP mode file for STMicroelectronics.X-CUBE-ST67W61.1.0.0
2026-03-18 16:27:54,822 [WARN] PackLoader:240 - Cannot read IP mode file for STMicroelectronics.X-CUBE-AI.10.2.0
2026-03-18 16:27:54,909 [WARN] PackLoader:240 - Cannot read IP mode file for SEGGER.I-CUBE-embOS.1.3.1
2026-03-18 16:27:55,011 [WARN] PackLoader:240 - Cannot read IP mode file for STMicroelectronics.X-CUBE-ALGOBUILD.1.4.0
2026-03-18 16:27:55,132 [WARN] PackLoader:240 - Cannot read IP mode file for STMicroelectronics.X-CUBE-MEMS1.11.3.0
2026-03-18 16:27:55,446 [WARN] PackLoader:240 - Cannot read IP mode file for STMicroelectronics.X-CUBE-AI.9.1.0
2026-03-18 16:27:55,479 [WARN] PackLoader:240 - Cannot read IP mode file for STMicroelectronics.X-CUBE-PM33A1.1.0.0
2026-03-18 16:27:55,514 [WARN] PackLoader:240 - Cannot read IP mode file for STMicroelectronics.X-CUBE-GNSS1.6.0.0
2026-03-18 16:27:55,569 [WARN] PackLoader:240 - Cannot read IP mode file for STMicroelectronics.X-CUBE-AZRTOS-F4.1.1.0
2026-03-18 16:27:55,609 [WARN] PackLoader:240 - Cannot read IP mode file for Avnet-IotConnect.X-CUBE-IoTC-DA16k-PMOD.1.0.0
2026-03-18 16:27:55,642 [WARN] PackLoader:240 - Cannot read IP mode file for STMicroelectronics.X-CUBE-ISPU.2.1.0
2026-03-18 16:27:55,681 [ERROR] Engine:466 - C:\Users\abrah\.stm32cubemx\thirdparties\pdsc\STMicroelectronics.X-CUBE-IPS.3.2.0.pdsc: PDSC version is not supported
2026-03-18 16:27:55,720 [WARN] PackLoader:240 - Cannot read IP mode file for STMicroelectronics.X-CUBE-FREERTOS.1.2.0
2026-03-18 16:27:55,758 [WARN] PackLoader:240 - Cannot read IP mode file for wolfSSL.I-CUBE-wolfSSL.5.6.6
2026-03-18 16:27:55,783 [WARN] PackLoader:240 - Cannot read IP mode file for STMicroelectronics.X-CUBE-NFC12.1.0.0
2026-03-18 16:27:55,845 [WARN] PackLoader:240 - Cannot read IP mode file for STMicroelectronics.X-CUBE-AZRTOS-L5.2.0.0
2026-03-18 16:27:55,887 [WARN] PackLoader:240 - Cannot read IP mode file for STMicroelectronics.X-CUBE-NFC6.3.1.0
2026-03-18 16:27:55,937 [WARN] PackLoader:240 - Cannot read IP mode file for ITTIA_DB.I-CUBE-ITTIADB.8.8.0
2026-03-18 16:27:55,988 [WARN] PackLoader:240 - Cannot read IP mode file for STMicroelectronics.X-CUBE-DPower.1.2.0
2026-03-18 16:27:56,026 [WARN] PackLoader:240 - Cannot read IP mode file for STMicroelectronics.X-CUBE-AI.9.0.0
2026-03-18 16:27:56,066 [WARN] PackLoader:240 - Cannot read IP mode file for STMicroelectronics.X-CUBE-FREERTOS.1.3.1
2026-03-18 16:27:56,108 [WARN] PackLoader:240 - Cannot read IP mode file for STMicroelectronics.X-CUBE-FREERTOS.1.3.0
2026-03-18 16:27:56,153 [WARN] PackLoader:240 - Cannot read IP mode file for STMicroelectronics.X-CUBE-NFC7.1.0.1
2026-03-18 16:27:56,193 [WARN] PackLoader:240 - Cannot read IP mode file for wolfSSL.I-CUBE-wolfTPM.3.2.0
2026-03-18 16:27:56,223 [WARN] PackLoader:240 - Cannot read IP mode file for STMicroelectronics.X-CUBE-TOUCHGFX.4.26.0
2026-03-18 16:27:56,258 [WARN] PackLoader:240 - Cannot read IP mode file for STMicroelectronics.X-CUBE-TOUCHGFX.4.26.1
2026-03-18 16:27:56,298 [WARN] PackLoader:240 - Cannot read IP mode file for STMicroelectronics.FP-SNS-STAIOTCFT.1.0.0
2026-03-18 16:27:56,329 [WARN] PackLoader:240 - Cannot read IP mode file for STMicroelectronics.X-CUBE-DPower.1.3.0
2026-03-18 16:27:56,367 [WARN] PackLoader:240 - Cannot read IP mode file for STMicroelectronics.X-CUBE-AI.8.1.0
2026-03-18 16:27:56,470 [WARN] ConditionMgr:438 - getConditionDescription Invalid condition id : LAN8742 Phy interface Condition cause : null
2026-03-18 16:27:56,472 [WARN] PackLoader:240 - Cannot read IP mode file for STMicroelectronics.X-CUBE-AZRTOS-L4.2.0.0
2026-03-18 16:27:56,476 [WARN] ConditionMgr:1044 - genDependencies : Invalid condition id : LAN8742 Phy interface Condition cause : null
2026-03-18 16:27:56,476 [WARN] ConditionMgr:1044 - genDependencies : Invalid condition id : LAN8742 Phy interface Condition cause : null
2026-03-18 16:27:56,477 [WARN] ConditionMgr:1044 - genDependencies : Invalid condition id : LAN8742 Phy interface Condition cause : null
2026-03-18 16:27:56,596 [WARN] PackLoader:240 - Cannot read IP mode file for STMicroelectronics.X-CUBE-SFXS2LP1.4.0.0
2026-03-18 16:27:56,633 [ERROR] Engine:466 - C:\Users\abrah\.stm32cubemx\thirdparties\pdsc\STMicroelectronics.X-CUBE-ST67W61.1.2.0.pdsc: PDSC version is not supported
2026-03-18 16:27:56,678 [WARN] PackLoader:240 - Cannot read IP mode file for STMicroelectronics.X-CUBE-AZRTOS-H7.3.3.0
2026-03-18 16:27:56,730 [WARN] PackLoader:240 - Cannot read IP mode file for STMicroelectronics.X-CUBE-BLEMGR.4.1.0
2026-03-18 16:27:56,779 [WARN] PackLoader:240 - Cannot read IP mode file for STMicroelectronics.X-CUBE-IPS.3.0.0
2026-03-18 16:27:56,836 [WARN] ConditionMgr:438 - getConditionDescription Invalid condition id : UX DEVICE CLASS RTOS Condition cause : null
2026-03-18 16:27:56,837 [WARN] ConditionMgr:438 - getConditionDescription Invalid condition id : UX DEVICE CLASS RTOS Condition cause : null
2026-03-18 16:27:56,841 [WARN] PackLoader:240 - Cannot read IP mode file for STMicroelectronics.X-CUBE-AZRTOS-WB.2.0.0
2026-03-18 16:27:56,842 [WARN] ConditionMgr:1044 - genDependencies : Invalid condition id : UX DEVICE CLASS RTOS Condition cause : null
2026-03-18 16:27:56,842 [WARN] ConditionMgr:1044 - genDependencies : Invalid condition id : UX DEVICE CLASS RTOS Condition cause : null
2026-03-18 16:27:56,843 [WARN] ConditionMgr:1044 - genDependencies : Invalid condition id : UX DEVICE CLASS RTOS Condition cause : null
2026-03-18 16:27:56,843 [WARN] ConditionMgr:1044 - genDependencies : Invalid condition id : UX DEVICE CLASS RTOS Condition cause : null
2026-03-18 16:27:56,844 [WARN] ConditionMgr:1044 - genDependencies : Invalid condition id : UX DEVICE CLASS RTOS Condition cause : null
2026-03-18 16:27:56,875 [WARN] PackLoader:240 - Cannot read IP mode file for STMicroelectronics.X-CUBE-GNSS1.7.0.0
2026-03-18 16:27:56,910 [WARN] PackLoader:240 - Cannot read IP mode file for STMicroelectronics.X-CUBE-GNSS1.7.0.1
2026-03-18 16:27:56,947 [WARN] PackLoader:240 - Cannot read IP mode file for STMicroelectronics.X-CUBE-TOUCHGFX.4.25.0
2026-03-18 16:27:56,989 [WARN] PackLoader:240 - Cannot read IP mode file for STMicroelectronics.FP-SNS-STBOX1.2.0.0
2026-03-18 16:27:57,043 [WARN] PackLoader:240 - Cannot read IP mode file for STMicroelectronics.X-CUBE-STSE01.2.0.0
2026-03-18 16:27:57,101 [WARN] PackLoader:240 - Cannot read IP mode file for STMicroelectronics.X-CUBE-SUBG2.5.0.0
2026-03-18 16:27:57,156 [WARN] PackLoader:240 - Cannot read IP mode file for STMicroelectronics.X-CUBE-AZRTOS-H7RS.1.1.0
2026-03-18 16:27:57,214 [WARN] PackLoader:240 - Cannot read IP mode file for STMicroelectronics.X-CUBE-AZRTOS-G4.2.0.0
2026-03-18 16:27:57,268 [WARN] PackLoader:240 - Cannot read IP mode file for Infineon.AIROC-Wi-Fi-Bluetooth-STM32.1.5.1
2026-03-18 16:27:57,306 [WARN] PackLoader:240 - Cannot read IP mode file for STMicroelectronics.X-CUBE-NFC7.2.0.0
2026-03-18 16:27:57,342 [WARN] PackLoader:240 - Cannot read IP mode file for STMicroelectronics.FP-SNS-MOTENVWB1.1.3.1
2026-03-18 16:27:57,369 [WARN] PackLoader:240 - Cannot read IP mode file for STMicroelectronics.X-CUBE-ISPU.2.0.0
2026-03-18 16:27:57,413 [WARN] PackLoader:240 - Cannot read IP mode file for STMicroelectronics.X-CUBE-IPS.3.1.0
2026-03-18 16:27:57,459 [WARN] PackLoader:240 - Cannot read IP mode file for STMicroelectronics.X-CUBE-ALS.1.0.2
2026-03-18 16:27:57,559 [WARN] PackLoader:240 - Cannot read IP mode file for STMicroelectronics.X-CUBE-MEMS1.10.0.0
2026-03-18 16:27:57,760 [WARN] PackLoader:240 - Cannot read IP mode file for STMicroelectronics.X-CUBE-FREERTOS.1.1.0
2026-03-18 16:27:57,798 [WARN] PackLoader:240 - Cannot read IP mode file for STMicroelectronics.X-CUBE-TOUCHGFX.4.24.0
2026-03-18 16:27:57,836 [WARN] PackLoader:240 - Cannot read IP mode file for STMicroelectronics.X-CUBE-TOUCHGFX.4.24.2
2026-03-18 16:27:57,871 [WARN] PackLoader:240 - Cannot read IP mode file for STMicroelectronics.X-CUBE-TOUCHGFX.4.24.1
2026-03-18 16:27:57,916 [WARN] PackLoader:240 - Cannot read IP mode file for STMicroelectronics.X-CUBE-STSE01.1.0.0
2026-03-18 16:27:57,959 [WARN] PackLoader:240 - Cannot read IP mode file for portGmbH.I-Cube-SoM-uGOAL.1.1.0
2026-03-18 16:27:57,992 [WARN] PackLoader:240 - Cannot read IP mode file for STMicroelectronics.X-CUBE-ALS.1.0.1
2026-03-18 16:27:58,071 [WARN] PackLoader:240 - Cannot read IP mode file for STMicroelectronics.X-CUBE-AZRTOS-H7RS.1.0.0
2026-03-18 16:27:58,111 [WARN] PackLoader:240 - Cannot read IP mode file for STMicroelectronics.FP-ATR-ASTRA1.2.0.0
2026-03-18 16:27:58,154 [WARN] PackLoader:240 - Cannot read IP mode file for STMicroelectronics.X-CUBE-TOF1.3.4.2
2026-03-18 16:27:58,210 [WARN] PackLoader:240 - Cannot read IP mode file for STMicroelectronics.X-CUBE-TOF1.3.4.3
2026-03-18 16:27:58,268 [WARN] PackLoader:240 - Cannot read IP mode file for STMicroelectronics.X-CUBE-TOF1.3.4.1
2026-03-18 16:27:58,349 [WARN] PackLoader:240 - Cannot read IP mode file for STMicroelectronics.X-CUBE-AZRTOS-H7.3.2.0
2026-03-18 16:27:58,386 [WARN] PackLoader:240 - Cannot read IP mode file for wolfSSL.I-CUBE-wolfSSH.1.4.17
2026-03-18 16:27:58,387 [INFO] ThirdParty:978 - Integrity check success = true
2026-03-18 16:27:58,387 [INFO] IntegrityCheckThread:100 - exiting critical section [integrity check]
2026-03-18 16:27:58,387 [INFO] IntegrityCheckThread:103 - End integrity checks thread
2026-03-18 16:29:25,249 [INFO] WebApp:190 - Connection lost
2026-03-18 16:29:26,788 [INFO] WebApp:187 - Connection restablished
2026-03-18 16:29:26,971 [INFO] WebApp:190 - Connection lost
2026-03-18 16:29:27,388 [INFO] WebApp:187 - Connection restablished
2026-03-18 16:29:30,258 [INFO] WebApp:190 - Connection lost
2026-03-18 16:29:30,469 [INFO] WebApp:187 - Connection restablished
2026-03-18 17:10:27,096 [INFO] McuFinderGlobals:63 - Set McuFinder mode to 2 (CubeIDE integrated)
2026-03-18 17:10:27,124 [INFO] MainUpdater:2872 - connection check result : 10
2026-03-18 17:10:27,144 [INFO] McuFinderGlobals:76 - Set McuFinderConnectedMode to true
2026-03-18 17:10:28,945 [INFO] ServerAccessManage:473 - Download File mcusAds.json._tmp_
2026-03-18 17:10:29,082 [INFO] LoadUrlFilesThread:156 - End of LoadUrlFiles Thread
2026-03-18 17:10:30,311 [INFO] ServerAccessManage:473 - Download File cube-finder-db.zip
2026-03-18 17:21:51,591 [INFO] FileExtend:240 - Unzip File : cube-finder-db.zip
2026-03-18 17:21:51,591 [INFO] FileExtend:255 - Standard Zip Deflate
2026-03-18 17:21:53,216 [INFO] LoadUrlFilesThread:156 - End of LoadUrlFiles Thread
2026-03-18 17:21:55,705 [INFO] ServerAccessManage:473 - Download File crdb.zip
2026-03-18 17:22:39,252 [ERROR] LogOutputStream:75 - [STDERR_REDIRECT] 
